\BOOKMARK [0][-]{chapter.1}{\376\377\000F\000i\000l\000e\000\040\000I\000n\000d\000e\000x}{}
\BOOKMARK [1][-]{section.1.1}{\376\377\000F\000i\000l\000e\000\040\000L\000i\000s\000t}{chapter.1}
\BOOKMARK [0][-]{chapter.2}{\376\377\000F\000i\000l\000e\000\040\000D\000o\000c\000u\000m\000e\000n\000t\000a\000t\000i\000o\000n}{}
\BOOKMARK [1][-]{section.2.1}{\376\377\000l\000i\000b\000p\000d\000l\000.\000c\000\040\000F\000i\000l\000e\000\040\000R\000e\000f\000e\000r\000e\000n\000c\000e}{chapter.2}
\BOOKMARK [2][-]{subsection.2.1.1}{\376\377\000F\000u\000n\000c\000t\000i\000o\000n\000\040\000D\000o\000c\000u\000m\000e\000n\000t\000a\000t\000i\000o\000n}{section.2.1}
\BOOKMARK [3][-]{subsubsection.2.1.1.1}{\376\377\000P\000D\000L\000\137\000B\000a\000n\000n\000e\000r\000M\000e\000s\000s\000a\000g\000e\000s\000E\000n\000a\000b\000l\000e}{subsection.2.1.1}
\BOOKMARK [3][-]{subsubsection.2.1.1.2}{\376\377\000P\000D\000L\000\137\000C\000u\000s\000t\000o\000m\000P\000a\000u\000s\000e\000U\000i\000E\000n\000a\000b\000l\000e}{subsection.2.1.1}
\BOOKMARK [3][-]{subsubsection.2.1.1.3}{\376\377\000P\000D\000L\000\137\000F\000o\000c\000u\000s\000M\000e\000s\000s\000a\000g\000e\000E\000n\000a\000b\000l\000e}{subsection.2.1.1}
\BOOKMARK [3][-]{subsubsection.2.1.1.4}{\376\377\000P\000D\000L\000\137\000G\000e\000s\000t\000u\000r\000e\000s\000E\000n\000a\000b\000l\000e}{subsection.2.1.1}
\BOOKMARK [3][-]{subsubsection.2.1.1.5}{\376\377\000P\000D\000L\000\137\000G\000e\000t\000D\000e\000v\000i\000c\000e\000N\000a\000m\000e}{subsection.2.1.1}
\BOOKMARK [3][-]{subsubsection.2.1.1.6}{\376\377\000P\000D\000L\000\137\000G\000e\000t\000K\000e\000y\000N\000a\000m\000e}{subsection.2.1.1}
\BOOKMARK [3][-]{subsubsection.2.1.1.7}{\376\377\000P\000D\000L\000\137\000G\000e\000t\000L\000a\000n\000g\000u\000a\000g\000e}{subsection.2.1.1}
\BOOKMARK [3][-]{subsubsection.2.1.1.8}{\376\377\000P\000D\000L\000\137\000G\000e\000t\000U\000n\000i\000q\000u\000e\000I\000D}{subsection.2.1.1}
\BOOKMARK [3][-]{subsubsection.2.1.1.9}{\376\377\000P\000D\000L\000\137\000L\000a\000u\000n\000c\000h\000B\000r\000o\000w\000s\000e\000r}{subsection.2.1.1}
\BOOKMARK [3][-]{subsubsection.2.1.1.10}{\376\377\000P\000D\000L\000\137\000L\000a\000u\000n\000c\000h\000E\000m\000a\000i\000l}{subsection.2.1.1}
\BOOKMARK [3][-]{subsubsection.2.1.1.11}{\376\377\000P\000D\000L\000\137\000L\000S\000C\000a\000l\000l}{subsection.2.1.1}
\BOOKMARK [3][-]{subsubsection.2.1.1.12}{\376\377\000P\000D\000L\000\137\000N\000o\000t\000i\000f\000y\000M\000u\000s\000i\000c\000P\000l\000a\000y\000i\000n\000g}{subsection.2.1.1}
\BOOKMARK [3][-]{subsubsection.2.1.1.13}{\376\377\000P\000D\000L\000\137\000Q\000u\000i\000t}{subsection.2.1.1}
\BOOKMARK [3][-]{subsubsection.2.1.1.14}{\376\377\000P\000D\000L\000\137\000S\000c\000r\000e\000e\000n\000T\000i\000m\000e\000o\000u\000t\000E\000n\000a\000b\000l\000e}{subsection.2.1.1}
\BOOKMARK [3][-]{subsubsection.2.1.1.15}{\376\377\000P\000D\000L\000\137\000S\000e\000t\000F\000i\000r\000e\000w\000a\000l\000l\000P\000o\000r\000t\000S\000t\000a\000t\000u\000s}{subsection.2.1.1}
\BOOKMARK [3][-]{subsubsection.2.1.1.16}{\376\377\000P\000D\000L\000\137\000S\000e\000t\000O\000r\000i\000e\000n\000t\000a\000t\000i\000o\000n}{subsection.2.1.1}
\BOOKMARK [3][-]{subsubsection.2.1.1.17}{\376\377\000P\000D\000L\000N\000e\000t\000\137\000G\000e\000t\000\137\000I\000n\000f\000o}{subsection.2.1.1}
\BOOKMARK [1][-]{section.2.2}{\376\377\000l\000i\000b\000p\000d\000l\000.\000h\000\040\000F\000i\000l\000e\000\040\000R\000e\000f\000e\000r\000e\000n\000c\000e}{chapter.2}
\BOOKMARK [2][-]{subsection.2.2.1}{\376\377\000F\000u\000n\000c\000t\000i\000o\000n\000\040\000D\000o\000c\000u\000m\000e\000n\000t\000a\000t\000i\000o\000n}{section.2.2}
\BOOKMARK [3][-]{subsubsection.2.2.1.1}{\376\377\000P\000D\000L\000\137\000B\000a\000n\000n\000e\000r\000M\000e\000s\000s\000a\000g\000e\000s\000E\000n\000a\000b\000l\000e}{subsection.2.2.1}
\BOOKMARK [3][-]{subsubsection.2.2.1.2}{\376\377\000P\000D\000L\000\137\000C\000u\000s\000t\000o\000m\000P\000a\000u\000s\000e\000U\000i\000E\000n\000a\000b\000l\000e}{subsection.2.2.1}
\BOOKMARK [3][-]{subsubsection.2.2.1.3}{\376\377\000P\000D\000L\000\137\000F\000o\000c\000u\000s\000M\000e\000s\000s\000a\000g\000e\000E\000n\000a\000b\000l\000e}{subsection.2.2.1}
\BOOKMARK [3][-]{subsubsection.2.2.1.4}{\376\377\000P\000D\000L\000\137\000G\000e\000s\000t\000u\000r\000e\000s\000E\000n\000a\000b\000l\000e}{subsection.2.2.1}
\BOOKMARK [3][-]{subsubsection.2.2.1.5}{\376\377\000P\000D\000L\000\137\000G\000e\000t\000D\000e\000v\000i\000c\000e\000N\000a\000m\000e}{subsection.2.2.1}
\BOOKMARK [3][-]{subsubsection.2.2.1.6}{\376\377\000P\000D\000L\000\137\000G\000e\000t\000K\000e\000y\000N\000a\000m\000e}{subsection.2.2.1}
\BOOKMARK [3][-]{subsubsection.2.2.1.7}{\376\377\000P\000D\000L\000\137\000G\000e\000t\000L\000a\000n\000g\000u\000a\000g\000e}{subsection.2.2.1}
\BOOKMARK [3][-]{subsubsection.2.2.1.8}{\376\377\000P\000D\000L\000\137\000G\000e\000t\000U\000n\000i\000q\000u\000e\000I\000D}{subsection.2.2.1}
\BOOKMARK [3][-]{subsubsection.2.2.1.9}{\376\377\000P\000D\000L\000\137\000L\000a\000u\000n\000c\000h\000B\000r\000o\000w\000s\000e\000r}{subsection.2.2.1}
\BOOKMARK [3][-]{subsubsection.2.2.1.10}{\376\377\000P\000D\000L\000\137\000L\000a\000u\000n\000c\000h\000E\000m\000a\000i\000l}{subsection.2.2.1}
\BOOKMARK [3][-]{subsubsection.2.2.1.11}{\376\377\000P\000D\000L\000\137\000L\000S\000C\000a\000l\000l}{subsection.2.2.1}
\BOOKMARK [3][-]{subsubsection.2.2.1.12}{\376\377\000P\000D\000L\000\137\000N\000o\000t\000i\000f\000y\000M\000u\000s\000i\000c\000P\000l\000a\000y\000i\000n\000g}{subsection.2.2.1}
\BOOKMARK [3][-]{subsubsection.2.2.1.13}{\376\377\000P\000D\000L\000\137\000Q\000u\000i\000t}{subsection.2.2.1}
\BOOKMARK [3][-]{subsubsection.2.2.1.14}{\376\377\000P\000D\000L\000\137\000S\000c\000r\000e\000e\000n\000T\000i\000m\000e\000o\000u\000t\000E\000n\000a\000b\000l\000e}{subsection.2.2.1}
\BOOKMARK [3][-]{subsubsection.2.2.1.15}{\376\377\000P\000D\000L\000\137\000S\000e\000t\000F\000i\000r\000e\000w\000a\000l\000l\000P\000o\000r\000t\000S\000t\000a\000t\000u\000s}{subsection.2.2.1}
\BOOKMARK [3][-]{subsubsection.2.2.1.16}{\376\377\000P\000D\000L\000\137\000S\000e\000t\000O\000r\000i\000e\000n\000t\000a\000t\000i\000o\000n}{subsection.2.2.1}
\BOOKMARK [3][-]{subsubsection.2.2.1.17}{\376\377\000P\000D\000L\000N\000e\000t\000\137\000G\000e\000t\000\137\000I\000n\000f\000o}{subsection.2.2.1}
